app_mobile/flutter_application_1/build/app/intermediates/manifest_merge_blame_file/release/manifest-merger-blame-release-report.txt
1<?xml version="1.0" encoding="utf-8"?>
2<manifest xmlns:android="http://schemas.android.com/apk/res/android"
3    package="com.example.flutter_application_1"
4    android:versionCode="1"
5    android:versionName="1.0.0" >
6
7    <uses-sdk
8        android:minSdkVersion="21"
8-->src/main/AndroidManifest.xml
9        android:targetSdkVersion="34" />
9-->src/main/AndroidManifest.xml
10
11    <!-- Permiso para acceso a Internet -->
12    <uses-permission android:name="android.permission.INTERNET" />
12-->src/main/AndroidManifest.xml:5:5-67
12-->src/main/AndroidManifest.xml:5:22-64
13
14    <!-- Consultas para actividades que pueden procesar texto -->
15    <queries>
15-->src/main/AndroidManifest.xml:41:5-46:15
16        <intent>
16-->src/main/AndroidManifest.xml:42:9-45:18
17            <action android:name="android.intent.action.PROCESS_TEXT" />
17-->src/main/AndroidManifest.xml:43:13-73
17-->src/main/AndroidManifest.xml:43:21-70
18
19            <data android:mimeType="text/plain" />
19-->src/main/AndroidManifest.xml:44:13-51
19-->src/main/AndroidManifest.xml:44:19-48
20        </intent>
21    </queries>
22
23    <application
24        android:name="android.app.Application"
24-->src/main/AndroidManifest.xml:9:9-42
25        android:appComponentFactory="androidx.core.app.CoreComponentFactory"
25-->[androidx.core:core:1.6.0] AndroidManifest.xml:24:18-86
26        android:icon="@mipmap/ic_launcher"
26-->src/main/AndroidManifest.xml:10:9-43
27        android:label="flutter_application_1" >
27-->src/main/AndroidManifest.xml:8:9-46
28        <activity
28-->src/main/AndroidManifest.xml:12:9-32:20
29            android:name="com.example.flutter_application_1.MainActivity"
29-->src/main/AndroidManifest.xml:13:13-41
30            android:configChanges="orientation|keyboardHidden|keyboard|screenSize|smallestScreenSize|locale|layoutDirection|fontScale|screenLayout|density|uiMode"
30-->src/main/AndroidManifest.xml:18:13-163
31            android:exported="true"
31-->src/main/AndroidManifest.xml:14:13-36
32            android:hardwareAccelerated="true"
32-->src/main/AndroidManifest.xml:19:13-47
33            android:launchMode="singleTop"
33-->src/main/AndroidManifest.xml:15:13-43
34            android:taskAffinity=""
34-->src/main/AndroidManifest.xml:16:13-36
35            android:theme="@style/LaunchTheme"
35-->src/main/AndroidManifest.xml:17:13-47
36            android:windowSoftInputMode="adjustResize" >
36-->src/main/AndroidManifest.xml:20:13-55
37
38            <!-- Tema inicial mientras se carga Flutter -->
39            <meta-data
39-->src/main/AndroidManifest.xml:23:13-25:55
40                android:name="io.flutter.embedding.android.NormalTheme"
40-->src/main/AndroidManifest.xml:24:15-70
41                android:resource="@style/NormalTheme" />
41-->src/main/AndroidManifest.xml:25:15-52
42
43            <!-- Configuración para definir la actividad principal -->
44            <intent-filter>
44-->src/main/AndroidManifest.xml:28:13-31:29
45                <action android:name="android.intent.action.MAIN" />
45-->src/main/AndroidManifest.xml:29:17-69
45-->src/main/AndroidManifest.xml:29:25-66
46
47                <category android:name="android.intent.category.LAUNCHER" />
47-->src/main/AndroidManifest.xml:30:17-77
47-->src/main/AndroidManifest.xml:30:27-74
48            </intent-filter>
49        </activity>
50
51        <!-- Meta-datos requeridos para Flutter -->
52        <meta-data
52-->src/main/AndroidManifest.xml:35:9-37:33
53            android:name="flutterEmbedding"
53-->src/main/AndroidManifest.xml:36:13-44
54            android:value="2" />
54-->src/main/AndroidManifest.xml:37:13-30
55
56        <uses-library
56-->[androidx.window:window:1.0.0-beta04] AndroidManifest.xml:25:9-27:40
57            android:name="androidx.window.extensions"
57-->[androidx.window:window:1.0.0-beta04] AndroidManifest.xml:26:13-54
58            android:required="false" />
58-->[androidx.window:window:1.0.0-beta04] AndroidManifest.xml:27:13-37
59        <uses-library
59-->[androidx.window:window:1.0.0-beta04] AndroidManifest.xml:28:9-30:40
60            android:name="androidx.window.sidecar"
60-->[androidx.window:window:1.0.0-beta04] AndroidManifest.xml:29:13-51
61            android:required="false" />
61-->[androidx.window:window:1.0.0-beta04] AndroidManifest.xml:30:13-37
62    </application>
63
64</manifest>